0 info it worked if it ends with ok
1 verbose cli [ '/Users/ashleyhuynh/Documents/Attendance/node/node',
1 verbose cli   '/Users/ashleyhuynh/Documents/Attendance/node/node_modules/npm/bin/npm-cli.js',
1 verbose cli   'run-script',
1 verbose cli   'build-dev' ]
2 info using npm@3.10.10
3 info using node@v0.9.9
4 verbose stack Error: ENOENT, open '/Users/ashleyhuynh/Documents/Attendance/package.json'
5 verbose cwd /Users/ashleyhuynh/Documents/Attendance
6 error Darwin 18.7.0
7 error argv "/Users/ashleyhuynh/Documents/Attendance/node/node" "/Users/ashleyhuynh/Documents/Attendance/node/node_modules/npm/bin/npm-cli.js" "run-script" "build-dev"
8 error node v0.9.9
9 error npm  v3.10.10
10 error path /Users/ashleyhuynh/Documents/Attendance/package.json
11 error code ENOENT
12 error errno 34
13 error enoent ENOENT, open '/Users/ashleyhuynh/Documents/Attendance/package.json'
14 error enoent ENOENT, open '/Users/ashleyhuynh/Documents/Attendance/package.json'
14 error enoent This is most likely not a problem with npm itself
14 error enoent and is related to npm not being able to find a file.
15 verbose exit [ 34, true ]
